<?xml version="1.0" encoding="UTF-8"?>
<!-- Generated by org.testng.reporters.JUnitReportReporter -->
<testsuite hostname="MYSHEC116723L" name="com.infy.UserAppApiTest" tests="3" failures="0" timestamp="30 Sep 2020 10:31:52 GMT" time="0.504" errors="0">
  <testcase name="getUserTest" time="0.344" classname="com.infy.UserAppApiTest"/>
  <testcase name="postuserTest" time="0.016" classname="com.infy.UserAppApiTest"/>
  <testcase name="getHelloTest" time="0.144" classname="com.infy.UserAppApiTest"/>
</testsuite> <!-- com.infy.UserAppApiTest -->
