<?xml version="1.0" encoding="UTF-8"?>
<!-- Generated by org.testng.reporters.JUnitReportReporter -->
<testsuite hostname="MYSHEC116723L" name="com.infy.UserApiTest" tests="3" failures="0" timestamp="14 Oct 2020 06:23:10 GMT" time="0.195" errors="0">
  <testcase name="getUserTest" time="0.073" classname="com.infy.UserApiTest"/>
  <testcase name="testHelloApi" time="0.027" classname="com.infy.UserApiTest"/>
  <testcase name="getHelloTest" time="0.095" classname="com.infy.UserApiTest"/>
</testsuite> <!-- com.infy.UserApiTest -->
